 Acessou a lista de categorias
Mané Acessou a lista de categorias
Mané criou categoria PERFUMES
Mané Acessou a lista de categorias
 Acessou a lista de categorias
 Acessou a lista de categorias
 Acessou a lista de categorias
conejofoz Acessou a lista de categorias
conejofoz alterou a categoria TESTE333
conejofoz Acessou a lista de categorias
conejofoz criou categoria testeq
conejofoz Acessou a lista de categorias
 Acessou a lista de categorias
 Acessou a lista de categorias
 Acessou a lista de categorias
 Acessou a lista de categorias
 Acessou a lista de categorias
 Acessou a lista de categorias
 Acessou a lista de categorias
 Acessou a lista de categorias
 Acessou a lista de categorias
 Acessou a lista de categorias
 Acessou a lista de categorias
 Acessou a lista de categorias
 Acessou a lista de categorias
conejofoz apagou a categoria TESTEQ
conejofoz Acessou a lista de categorias
conejofoz apagou a categoria TESTE333
conejofoz Acessou a lista de categorias
conejofoz apagou a categoria TESTE
conejofoz Acessou a lista de categorias
conejofoz apagou a categoria PRATOS
conejofoz Acessou a lista de categorias
 Acessou a lista de categorias
 Acessou a lista de categorias
conejofoz alterou a categoria PERFUMES
conejofoz Acessou a lista de categorias
conejofoz criou categoria decoração
conejofoz Acessou a lista de categorias
 Acessou a lista de categorias
conejofoz alterou a categoria PERFUMES
conejofoz Acessou a lista de categorias
conejofoz alterou a categoria DECORAÇÃO
conejofoz Acessou a lista de categorias
conejofoz alterou a categoria PERFUMES em:18-06-2022 11:54:27
conejofoz Acessou a lista de categorias
conejofoz alterou a categoria DECORAÇÃO em: 18-06-2022 11:55:02
conejofoz Acessou a lista de categorias
conejofoz alterou a categoria COZINHA2 em: 18-06-2022 11:55:02
conejofoz Acessou a lista de categorias
conejofoz Acessou a lista de categorias
conejofoz alterou a categoria PERFUMES em: 18-06-2022 11:55:02
conejofoz Acessou a lista de categorias
conejofoz alterou a categoria DECORAÇÃO em: 18-06-2022 11:55:02
conejofoz Acessou a lista de categorias
conejofoz alterou a categoria COZINHA2 em: 18-06-2022 11:58:20
conejofoz Acessou a lista de categorias
conejofoz alterou a categoria PERFUMES em: 18-06-2022 11:58:40
conejofoz Acessou a lista de categorias
conejofoz alterou a categoria COZINHA em: 18-06-2022 11:59:00
conejofoz Acessou a lista de categorias
conejofoz Acessou a lista de categorias em: 18-06-2022 12:01:26
conejofoz criou categoria teste em: 18-06-2022 12:01:39
conejofoz Acessou a lista de categorias em: 18-06-2022 12:01:40
conejofoz alterou a categoria TESTE3 em: 18-06-2022 12:01:58
conejofoz Acessou a lista de categorias em: 18-06-2022 12:01:59
conejofoz apagou a categoria TESTE3 em: 18-06-2022 12:02:13
conejofoz Acessou a lista de categorias em: 18-06-2022 12:02:14
Mané Acessou a lista de categorias em: 18-06-2022 12:04:40
Mané Acessou a lista de categorias em: 18-06-2022 12:23:53
 Acessou a lista de categorias em: 20-06-2022 09:21:44
 Acessou a lista de categorias em: 20-06-2022 09:55:21
conejofoz Acessou a lista de categorias em: 20-06-2022 09:55:41
conejofoz Acessou a lista de categorias em: 20-06-2022 14:20:36
conejofoz Acessou a lista de categorias em: 20-06-2022 14:24:50
conejofoz Acessou a lista de categorias em: 20-06-2022 14:25:08
conejofoz Acessou a lista de categorias em: 20-06-2022 14:27:21
conejofoz Acessou a lista de categorias em: 20-06-2022 14:27:22
conejofoz Acessou a lista de categorias em: 20-06-2022 14:27:31
conejofoz Acessou a lista de categorias em: 20-06-2022 14:28:16
conejofoz Acessou a lista de categorias em: 20-06-2022 14:31:40
conejofoz Acessou a lista de categorias em: 20-06-2022 14:31:40
conejofoz Acessou a lista de categorias em: 20-06-2022 14:31:41
conejofoz Acessou a lista de categorias em: 20-06-2022 14:31:41
conejofoz Acessou a lista de categorias em: 20-06-2022 14:31:42
conejofoz Acessou a lista de categorias em: 20-06-2022 14:31:43
conejofoz Acessou a lista de categorias em: 20-06-2022 14:32:09
conejofoz Acessou a lista de categorias em: 20-06-2022 14:33:22
conejofoz Acessou a lista de categorias em: 20-06-2022 14:42:31
conejofoz Acessou a lista de categorias em: 20-06-2022 14:44:47
conejofoz Acessou a lista de categorias em: 20-06-2022 14:45:09
conejofoz Acessou a lista de categorias em: 20-06-2022 14:45:09
conejofoz Acessou a lista de categorias em: 20-06-2022 14:45:14
conejofoz Acessou a lista de categorias em: 20-06-2022 14:47:08
conejofoz Acessou a lista de categorias em: 20-06-2022 14:47:33
conejofoz Acessou a lista de categorias em: 20-06-2022 14:47:55
conejofoz Acessou a lista de categorias em: 20-06-2022 14:47:55
conejofoz Acessou a lista de categorias em: 20-06-2022 14:48:35
conejofoz Acessou a lista de categorias em: 20-06-2022 14:48:38
conejofoz Acessou a lista de categorias em: 20-06-2022 14:48:58
conejofoz Acessou a lista de categorias em: 20-06-2022 14:54:10
conejofoz Acessou a lista de categorias em: 20-06-2022 14:55:09
conejofoz Acessou a lista de categorias em: 20-06-2022 14:56:20
conejofoz Acessou a lista de categorias em: 20-06-2022 15:00:31
conejofoz Acessou a lista de categorias em: 20-06-2022 15:02:01
conejofoz Acessou a lista de categorias em: 20-06-2022 15:02:38
conejofoz Acessou a lista de categorias em: 20-06-2022 15:04:31
conejofoz Acessou a lista de categorias em: 20-06-2022 15:09:19
conejofoz Acessou a lista de categorias em: 20-06-2022 15:11:56
 Acessou a lista de categorias em: 21-06-2022 14:25:16
